<?xml version="1.0" encoding="UTF-8"?>
<!-- Generated by org.testng.reporters.JUnitReportReporter -->
<testsuite hostname="DESKTOP-EAC00NF" failures="0" tests="1" name="JavaStream.GreenKart4" time="8.363" errors="0" timestamp="2024-06-14T20:55:36 IST" skipped="0">
  <testcase classname="JavaStream.GreenKart4" name="run" time="8.363"/>
  <system-out/>
</testsuite> <!-- JavaStream.GreenKart4 -->
