<?xml version="1.0" encoding="UTF-8"?>
<!-- Generated by org.testng.reporters.JUnitReportReporter -->
<testsuite hostname="DESKTOP-EAC00NF" failures="0" tests="2" name="Testngg.DataProvider1" time="8.773" errors="0" timestamp="2024-05-17T11:16:01 IST" skipped="0">
  <testcase classname="Testngg.DataProvider1" name="Open" time="4.309"/>
  <system-out/>
  <testcase classname="Testngg.DataProvider1" name="Open" time="4.464"/>
  <system-out/>
</testsuite> <!-- Testngg.DataProvider1 -->
