<?xml version="1.0" encoding="UTF-8"?>
<!-- Generated by org.testng.reporters.JUnitReportReporter -->
<testsuite hostname="DESKTOP-EAC00NF" failures="0" tests="1" name="Testngg.Runner" time="7.541" errors="0" timestamp="2024-05-14T11:10:08 IST" skipped="0">
  <testcase classname="Testngg.Runner" name="LoginToFacebook" time="7.541"/>
  <system-out/>
</testsuite> <!-- Testngg.Runner -->
