<?xml version="1.0" encoding="UTF-8"?>
<!-- Generated by org.testng.reporters.JUnitReportReporter -->
<testsuite hostname="DESKTOP-EAC00NF" failures="0" tests="1" name="Testngg.Data1" time="0.022" errors="0" timestamp="2024-05-05T20:32:54 IST" skipped="0">
  <testcase classname="Testngg.Data1" name="data" time="0.022"/>
  <system-out>
    <![CDATA[hello mallika]]>
  </system-out>
</testsuite> <!-- Testngg.Data1 -->
