<?xml version="1.0" encoding="UTF-8"?>
<!-- Generated by org.testng.reporters.JUnitReportReporter -->
<testsuite hostname="DESKTOP-EAC00NF" failures="0" tests="2" name="Testngg.Test1" time="12.410" errors="0" timestamp="2024-06-07T09:36:04 IST" skipped="0">
  <testcase classname="Testngg.Test1" name="Open" time="7.568"/>
  <system-out/>
  <testcase classname="Testngg.Test1" name="Open" time="4.842"/>
  <system-out/>
</testsuite> <!-- Testngg.Test1 -->
