<?xml version="1.0" encoding="UTF-8"?>
<!-- Generated by org.testng.reporters.JUnitReportReporter -->
<testsuite hostname="DESKTOP-EAC00NF" failures="0" tests="1" name="Testngg.PomMain" time="7.621" errors="0" timestamp="2024-05-21T09:46:08 IST" skipped="0">
  <testcase classname="Testngg.PomMain" name="Application" time="7.621"/>
  <system-out/>
</testsuite> <!-- Testngg.PomMain -->
