<?xml version="1.0" encoding="UTF-8"?>
<!-- Generated by org.testng.reporters.JUnitReportReporter -->
<testsuite hostname="DESKTOP-EAC00NF" failures="0" tests="1" name="Property.Basic" time="4.781" errors="0" timestamp="2024-05-22T09:37:09 IST" skipped="0">
  <testcase classname="Property.Basic" name="login" time="4.781"/>
  <system-out/>
</testsuite> <!-- Property.Basic -->
