<?xml version="1.0" encoding="UTF-8"?>
<!-- Generated by org.testng.reporters.JUnitReportReporter -->
<testsuite hostname="DESKTOP-EAC00NF" failures="0" tests="5" name="Testngg.Qsp" time="22.100" errors="0" timestamp="2024-05-13T11:59:50 IST" skipped="0">
  <testcase classname="Testngg.Qsp" name="Login" time="5.898"/>
  <system-out/>
  <testcase classname="Testngg.Qsp" name="sample" time="3.103"/>
  <system-out/>
  <testcase classname="Testngg.Qsp" name="LoginAgain" time="4.251"/>
  <system-out/>
  <testcase classname="Testngg.Qsp" name="sample" time="4.321"/>
  <system-out/>
  <testcase classname="Testngg.Qsp" name="sample" time="4.527"/>
  <system-out/>
</testsuite> <!-- Testngg.Qsp -->
