<?xml version="1.0" encoding="UTF-8"?>
<!-- Generated by org.testng.reporters.JUnitReportReporter -->
<testsuite hostname="DESKTOP-EAC00NF" failures="0" tests="2" name="Testngg.Data" time="15.442" errors="0" timestamp="2024-06-07T09:12:00 IST" skipped="0">
  <testcase classname="Testngg.Data" name="Open" time="9.084"/>
  <system-out/>
  <testcase classname="Testngg.Data" name="Open" time="6.358"/>
  <system-out/>
</testsuite> <!-- Testngg.Data -->
